<?xml version="1.0" encoding="UTF-8"?>
<!-- Generated by org.testng.reporters.JUnitReportReporter -->
<testsuite hostname="JI-STD-95YR373" failures="0" tests="1" name="com.janescom.qa.PageTest1.Pagination" time="23.455" errors="0" timestamp="2020-12-08T22:50:32 IST" skipped="0">
  <testcase classname="com.janescom.qa.PageTest1.Pagination" name="pagination" time="23.455"/>
</testsuite> <!-- com.janescom.qa.PageTest1.Pagination -->
