<?xml version="1.0" encoding="UTF-8"?>
<!-- Generated by org.testng.reporters.JUnitReportReporter -->
<testsuite hostname="JI-STD-95YR373" failures="0" tests="2" name="com.janescom.qa.PageTest.MenuBar1" time="149.145" errors="0" timestamp="2020-12-03T08:30:39 IST" skipped="0">
  <testcase classname="com.janescom.qa.PageTest.MenuBar1" name="MenubarNews" time="66.317"/>
  <testcase classname="com.janescom.qa.PageTest.MenuBar1" name="capabilities" time="82.828"/>
</testsuite> <!-- com.janescom.qa.PageTest.MenuBar1 -->
