<?xml version="1.0" encoding="UTF-8"?>
<!-- Generated by org.testng.reporters.JUnitReportReporter -->
<testsuite hostname="JI-STD-95YR373" failures="0" tests="1" name="com.janescom.qa.Test1.Pagination01" time="44.094" errors="0" timestamp="2020-12-10T09:46:43 IST" skipped="0">
  <testcase classname="com.janescom.qa.Test1.Pagination01" name="pageinationtest" time="44.094"/>
</testsuite> <!-- com.janescom.qa.Test1.Pagination01 -->
