<?xml version="1.0" encoding="UTF-8"?>
<!-- Generated by org.testng.reporters.JUnitReportReporter -->
<testsuite hostname="JI-STD-95YR373" failures="0" tests="1" name="com.JFMcom.qa.PageTest.ATC_002_CreateNewRecordTest" time="31.889" errors="0" timestamp="2021-01-27T22:40:44 IST" skipped="0">
  <testcase classname="com.JFMcom.qa.PageTest.ATC_002_CreateNewRecordTest" name="verifyrecordview" time="31.889"/>
</testsuite> <!-- com.JFMcom.qa.PageTest.ATC_002_CreateNewRecordTest -->
