<?xml version="1.0" encoding="UTF-8"?>
<!-- Generated by org.testng.reporters.JUnitReportReporter -->
<testsuite hostname="JI-STD-95YR373" failures="0" tests="1" name="com.JFMcom.qa.PageTest.LoginTest" time="0.005" errors="0" timestamp="2021-01-07T11:29:49 IST" skipped="0">
  <testcase classname="com.JFMcom.qa.PageTest.LoginTest" name="verifyloginpage" time="0.005"/>
</testsuite> <!-- com.JFMcom.qa.PageTest.LoginTest -->
