<?xml version="1.0" encoding="UTF-8"?>
<!-- Generated by org.testng.reporters.JUnitReportReporter -->
<testsuite hostname="JI-STD-95YR373" failures="0" tests="1" name="com.janescom.qa.PageTest.FooterTest" time="275.660" errors="0" timestamp="2020-12-18T21:01:32 IST" skipped="0">
  <testcase classname="com.janescom.qa.PageTest.FooterTest" name="FooterTest" time="275.660"/>
</testsuite> <!-- com.janescom.qa.PageTest.FooterTest -->
