<?xml version="1.0" encoding="UTF-8"?>
<!-- Generated by org.testng.reporters.JUnitReportReporter -->
<testsuite hostname="JI-STD-95YR373" failures="0" tests="1" name="com.JFM.qa.Pages.LoginPage" time="42.311" errors="0" timestamp="2021-01-21T21:56:48 IST" skipped="0">
  <testcase classname="com.JFM.qa.Pages.LoginPage" name="Loginasadmin" time="42.311"/>
</testsuite> <!-- com.JFM.qa.Pages.LoginPage -->
